<?xml version='1.0' encoding='UTF-8' ?>
<testsuite name="com.example.qcards.BasicInstrumentationTest" tests="1" failures="0" errors="0" skipped="0" time="38.094" timestamp="2015-09-19T06:58:27" hostname="localhost">
  <properties>
    <property name="device" value="Nexus 5 - 5.1.1" />
    <property name="flavor" value="" />
    <property name="project" value="app" />
  </properties>
  <testcase name="testClickActionBarItem" classname="com.example.qcards.BasicInstrumentationTest" time="38.068" />
</testsuite>